2023.12.18 15:13:04 INFO  Started: Metals version 1.2.0 in folders '/home/vadym/Desktop/Airflow-with-Spark' for client Visual Studio Code 1.85.1.
2023.12.18 15:13:09 WARN  no build tool detected in workspace '/home/vadym/Desktop/Airflow-with-Spark'. The most common cause for this problem is that the editor was opened in the wrong working directory, for example if you use sbt then the workspace directory should contain build.sbt. 
2023.12.18 15:13:09 WARN  Build server is not auto-connectable.
2023.12.18 15:13:09 WARN  no build target for: /home/vadym/Desktop/Airflow-with-Spark/jobs/scala/wordcount.scala
2023.12.18 15:13:17 INFO  no build target found for /home/vadym/Desktop/Airflow-with-Spark/jobs/scala/wordcount.scala. Using presentation compiler with project's scala-library version: 3.3.1
2023.12.18 15:13:19 INFO  time: code lens generation in 10s
2023.12.18 15:15:10 WARN  no build target for: /home/vadym/Desktop/Airflow-with-Spark/jobs/scala/build.sbt
2023.12.18 15:15:10 WARN  Could not find semantic tokens for: file:///home/vadym/Desktop/Airflow-with-Spark/jobs/scala/build.sbt
2023.12.18 15:15:34 WARN  Could not find semantic tokens for: file:///home/vadym/Desktop/Airflow-with-Spark/jobs/scala/build.sbt
2023.12.18 15:15:35 WARN  no build target for: /home/vadym/Desktop/Airflow-with-Spark/jobs/scala/build.sbt
2023.12.18 15:15:35 WARN  Could not find semantic tokens for: file:///home/vadym/Desktop/Airflow-with-Spark/jobs/scala/build.sbt
2023.12.18 15:15:48 WARN  Could not find semantic tokens for: file:///home/vadym/Desktop/Airflow-with-Spark/jobs/scala/wordcount.scala
2023.12.18 15:16:12 WARN  Could not find semantic tokens for: file:///home/vadym/Desktop/Airflow-with-Spark/jobs/scala/wordcount.scala
2023.12.18 15:16:12 WARN  no build target for: /home/vadym/Desktop/Airflow-with-Spark/jobs/scala/wordcount.scala
2023.12.18 15:16:12 WARN  Could not find semantic tokens for: file:///home/vadym/Desktop/Airflow-with-Spark/jobs/scala/wordcount.scala
2023.12.18 15:16:13 WARN  Could not find semantic tokens for: file:///home/vadym/Desktop/Airflow-with-Spark/jobs/scala/wordcount.scala
2023.12.18 15:16:15 WARN  no build target for: /home/vadym/Desktop/Airflow-with-Spark/jobs/scala/wordcount.scala
2023.12.18 15:16:20 WARN  no build target for: /home/vadym/Desktop/Airflow-with-Spark/jobs/scala/wordcount.scala
2023.12.18 15:16:23 WARN  no build target for: /home/vadym/Desktop/Airflow-with-Spark/jobs/scala/wordcount.scala
2023.12.18 15:16:24 WARN  no build target for: /home/vadym/Desktop/Airflow-with-Spark/jobs/scala/wordcount.scala
2023.12.18 15:16:30 WARN  no build target for: /home/vadym/Desktop/Airflow-with-Spark/jobs/scala/wordcount.scala
2023.12.18 15:16:33 WARN  no build target for: /home/vadym/Desktop/Airflow-with-Spark/jobs/scala/wordcount.scala
2023.12.18 15:16:36 WARN  no build target for: /home/vadym/Desktop/Airflow-with-Spark/jobs/scala/wordcount.scala
2023.12.18 15:16:42 WARN  no build target for: /home/vadym/Desktop/Airflow-with-Spark/jobs/scala/wordcount.scala
2023.12.18 15:16:45 WARN  no build target for: /home/vadym/Desktop/Airflow-with-Spark/jobs/scala/wordcount.scala
2023.12.18 15:16:49 WARN  no build target for: /home/vadym/Desktop/Airflow-with-Spark/jobs/scala/wordcount.scala
2023.12.18 15:16:54 WARN  no build target for: /home/vadym/Desktop/Airflow-with-Spark/jobs/scala/wordcount.scala
2023.12.18 15:20:28 WARN  no build target for: /home/vadym/Desktop/Airflow-with-Spark/jobs/scala/wordcount.scala
2023.12.18 15:20:31 WARN  no build target for: /home/vadym/Desktop/Airflow-with-Spark/jobs/scala/wordcount.scala
2023.12.18 15:20:33 WARN  no build target for: /home/vadym/Desktop/Airflow-with-Spark/jobs/scala/wordcount.scala
2023.12.18 15:21:07 WARN  no build target for: /home/vadym/Desktop/Airflow-with-Spark/jobs/scala/wordcount.scala
2023.12.18 15:21:26 WARN  no build target for: /home/vadym/Desktop/Airflow-with-Spark/jobs/scala/wordcount.scala
2023.12.18 15:21:29 WARN  no build target for: /home/vadym/Desktop/Airflow-with-Spark/jobs/scala/wordcount.scala
2023.12.18 15:21:34 WARN  no build target for: /home/vadym/Desktop/Airflow-with-Spark/jobs/scala/wordcount.scala
2023.12.18 15:21:36 WARN  no build target for: /home/vadym/Desktop/Airflow-with-Spark/jobs/scala/wordcount.scala
2023.12.18 15:21:40 WARN  no build target for: /home/vadym/Desktop/Airflow-with-Spark/jobs/scala/wordcount.scala
Dec 18, 2023 3:21:40 PM org.eclipse.lsp4j.jsonrpc.RemoteEndpoint handleCancellation
WARNING: Unmatched cancel notification for request id 394
2023.12.18 15:21:42 WARN  no build target for: /home/vadym/Desktop/Airflow-with-Spark/jobs/scala/wordcount.scala
2023.12.18 15:21:45 WARN  no build target for: /home/vadym/Desktop/Airflow-with-Spark/jobs/scala/wordcount.scala
2023.12.18 15:21:47 WARN  no build target for: /home/vadym/Desktop/Airflow-with-Spark/jobs/scala/wordcount.scala
2023.12.18 15:21:51 WARN  no build target for: /home/vadym/Desktop/Airflow-with-Spark/jobs/scala/wordcount.scala
2023.12.18 15:21:57 WARN  no build target for: /home/vadym/Desktop/Airflow-with-Spark/jobs/scala/wordcount.scala
2023.12.18 15:21:58 WARN  no build target for: /home/vadym/Desktop/Airflow-with-Spark/jobs/scala/wordcount.scala
Dec 18, 2023 3:22:01 PM org.eclipse.lsp4j.jsonrpc.RemoteEndpoint handleCancellation
WARNING: Unmatched cancel notification for request id 545
2023.12.18 15:22:03 WARN  no build target for: /home/vadym/Desktop/Airflow-with-Spark/jobs/scala/wordcount.scala
2023.12.18 15:22:08 WARN  no build target for: /home/vadym/Desktop/Airflow-with-Spark/jobs/scala/wordcount.scala
2023.12.18 15:22:12 WARN  no build target for: /home/vadym/Desktop/Airflow-with-Spark/jobs/scala/wordcount.scala
2023.12.18 15:22:18 WARN  no build target for: /home/vadym/Desktop/Airflow-with-Spark/jobs/scala/wordcount.scala
Dec 18, 2023 3:22:21 PM org.eclipse.lsp4j.jsonrpc.RemoteEndpoint handleCancellation
WARNING: Unmatched cancel notification for request id 648
2023.12.18 15:22:25 WARN  no build target for: /home/vadym/Desktop/Airflow-with-Spark/jobs/scala/wordcount.scala
2023.12.18 15:27:36 WARN  no build target for: /home/vadym/Desktop/Airflow-with-Spark/jobs/scala/wordcount.scala
2023.12.18 15:27:39 WARN  no build target for: /home/vadym/Desktop/Airflow-with-Spark/jobs/scala/wordcount.scala
2023.12.18 15:27:45 WARN  no build target for: /home/vadym/Desktop/Airflow-with-Spark/jobs/scala/wordcount.scala
2023.12.18 15:27:46 WARN  no build target for: /home/vadym/Desktop/Airflow-with-Spark/jobs/scala/wordcount.scala
2023.12.18 15:27:49 WARN  no build target for: /home/vadym/Desktop/Airflow-with-Spark/jobs/scala/wordcount.scala
2023.12.18 15:27:52 WARN  no build target for: /home/vadym/Desktop/Airflow-with-Spark/jobs/scala/wordcount.scala
2023.12.18 15:27:54 WARN  no build target for: /home/vadym/Desktop/Airflow-with-Spark/jobs/scala/wordcount.scala
2023.12.18 15:27:57 WARN  no build target for: /home/vadym/Desktop/Airflow-with-Spark/jobs/scala/wordcount.scala
2023.12.18 15:28:04 WARN  no build target for: /home/vadym/Desktop/Airflow-with-Spark/jobs/scala/wordcount.scala
2023.12.18 15:28:09 WARN  no build target for: /home/vadym/Desktop/Airflow-with-Spark/jobs/scala/wordcount.scala
2023.12.18 15:28:13 WARN  no build target for: /home/vadym/Desktop/Airflow-with-Spark/jobs/scala/wordcount.scala
2023.12.18 15:28:18 WARN  no build target for: /home/vadym/Desktop/Airflow-with-Spark/jobs/scala/wordcount.scala
2023.12.18 15:28:20 WARN  no build target for: /home/vadym/Desktop/Airflow-with-Spark/jobs/scala/wordcount.scala
2023.12.18 15:28:23 WARN  no build target for: /home/vadym/Desktop/Airflow-with-Spark/jobs/scala/wordcount.scala
Dec 18, 2023 3:28:30 PM org.eclipse.lsp4j.jsonrpc.RemoteEndpoint handleCancellation
WARNING: Unmatched cancel notification for request id 1001
Dec 18, 2023 3:28:31 PM org.eclipse.lsp4j.jsonrpc.RemoteEndpoint handleCancellation
WARNING: Unmatched cancel notification for request id 1007
2023.12.18 15:28:33 WARN  no build target for: /home/vadym/Desktop/Airflow-with-Spark/jobs/scala/wordcount.scala
2023.12.18 15:28:36 WARN  no build target for: /home/vadym/Desktop/Airflow-with-Spark/jobs/scala/wordcount.scala
Dec 18, 2023 3:28:38 PM org.eclipse.lsp4j.jsonrpc.RemoteEndpoint handleCancellation
WARNING: Unmatched cancel notification for request id 1055
2023.12.18 15:28:39 WARN  no build target for: /home/vadym/Desktop/Airflow-with-Spark/jobs/scala/wordcount.scala
2023.12.18 15:28:42 WARN  no build target for: /home/vadym/Desktop/Airflow-with-Spark/jobs/scala/wordcount.scala
Dec 18, 2023 3:28:44 PM org.eclipse.lsp4j.jsonrpc.RemoteEndpoint handleCancellation
WARNING: Unmatched cancel notification for request id 1085
2023.12.18 15:28:47 WARN  no build target for: /home/vadym/Desktop/Airflow-with-Spark/jobs/scala/wordcount.scala
2023.12.18 15:28:52 WARN  no build target for: /home/vadym/Desktop/Airflow-with-Spark/jobs/scala/wordcount.scala
2023.12.18 15:28:57 WARN  no build target for: /home/vadym/Desktop/Airflow-with-Spark/jobs/scala/wordcount.scala
2023.12.18 15:29:00 WARN  no build target for: /home/vadym/Desktop/Airflow-with-Spark/jobs/scala/wordcount.scala
2023.12.18 15:29:03 WARN  no build target for: /home/vadym/Desktop/Airflow-with-Spark/jobs/scala/wordcount.scala
2023.12.18 15:29:07 WARN  no build target for: /home/vadym/Desktop/Airflow-with-Spark/jobs/scala/wordcount.scala
2023.12.18 15:29:12 WARN  no build target for: /home/vadym/Desktop/Airflow-with-Spark/jobs/scala/wordcount.scala
2023.12.18 15:29:16 WARN  no build target for: /home/vadym/Desktop/Airflow-with-Spark/jobs/scala/wordcount.scala
2023.12.18 15:29:20 WARN  no build target for: /home/vadym/Desktop/Airflow-with-Spark/jobs/scala/wordcount.scala
2023.12.18 15:29:23 WARN  no build target for: /home/vadym/Desktop/Airflow-with-Spark/jobs/scala/wordcount.scala
2023.12.18 15:29:24 WARN  no build target for: /home/vadym/Desktop/Airflow-with-Spark/jobs/scala/wordcount.scala
2023.12.18 15:29:28 WARN  no build target for: /home/vadym/Desktop/Airflow-with-Spark/jobs/scala/wordcount.scala
2023.12.18 15:29:32 WARN  no build target for: /home/vadym/Desktop/Airflow-with-Spark/jobs/scala/wordcount.scala
2023.12.18 15:29:37 WARN  no build target for: /home/vadym/Desktop/Airflow-with-Spark/jobs/scala/wordcount.scala
2023.12.18 15:29:39 WARN  no build target for: /home/vadym/Desktop/Airflow-with-Spark/jobs/scala/wordcount.scala
2023.12.18 15:29:45 WARN  no build target for: /home/vadym/Desktop/Airflow-with-Spark/jobs/scala/wordcount.scala
2023.12.18 15:29:49 WARN  no build target for: /home/vadym/Desktop/Airflow-with-Spark/jobs/scala/wordcount.scala
2023.12.18 15:29:52 WARN  no build target for: /home/vadym/Desktop/Airflow-with-Spark/jobs/scala/wordcount.scala
2023.12.18 15:29:55 WARN  no build target for: /home/vadym/Desktop/Airflow-with-Spark/jobs/scala/wordcount.scala
2023.12.18 15:30:00 WARN  no build target for: /home/vadym/Desktop/Airflow-with-Spark/jobs/scala/wordcount.scala
2023.12.18 15:30:02 WARN  no build target for: /home/vadym/Desktop/Airflow-with-Spark/jobs/scala/wordcount.scala
2023.12.18 15:30:08 WARN  no build target for: /home/vadym/Desktop/Airflow-with-Spark/jobs/scala/wordcount.scala
2023.12.18 15:30:12 WARN  no build target for: /home/vadym/Desktop/Airflow-with-Spark/jobs/scala/wordcount.scala
2023.12.18 15:30:14 WARN  no build target for: /home/vadym/Desktop/Airflow-with-Spark/jobs/scala/wordcount.scala
2023.12.18 15:30:21 WARN  no build target for: /home/vadym/Desktop/Airflow-with-Spark/jobs/scala/wordcount.scala
2023.12.18 15:35:26 WARN  no build target for: /home/vadym/Desktop/Airflow-with-Spark/jobs/scala/wordcount.scala
